2018-05-17 15:22:30,715 DEBUG No configuration found at `/Users/anlong/Documents/py3/.pyre_configuration.local`.
2018-05-17 15:22:30,715 DEBUG No configuration found at `.pyre_configuration.local`.
2018-05-17 15:22:30,715 DEBUG No configuration found at `.pyre_configuration`.
2018-05-17 15:22:30,715 INFO No source directory specified, using current directory
2018-05-17 15:22:30,715 INFO No binary specified, looking for `pyre.bin` in PATH
2018-05-17 15:22:30,716 WARNING Could not find `pyre.bin` in PATH

2018-05-17 15:22:30,716 INFO No typeshed specified, looking for it
2018-05-17 15:22:30,716 DEBUG Trying with: `/Users/anlong/Library/Python/3.6/lib/python/site-packages/pyre_check/pyre_check/typeshed/stdlib/`
2018-05-17 15:22:30,716 DEBUG Trying with: `/Users/anlong/Library/Python/3.6/lib/python/site-packages/pyre_check/typeshed/stdlib/`
2018-05-17 15:22:30,717 DEBUG Trying with: `/Users/anlong/Library/Python/3.6/lib/python/pyre_check/typeshed/stdlib/`
2018-05-17 15:22:30,717 DEBUG Trying with: `/Users/anlong/Library/Python/3.6/lib/pyre_check/typeshed/stdlib/`
2018-05-17 15:22:30,717 INFO Found: `/Users/anlong/Library/Python/3.6/lib/pyre_check/typeshed/stdlib/`
2018-05-17 15:22:30,717 ERROR Invalid configuration: `binary` location must be defined.

2018-05-17 15:23:57,053 DEBUG No configuration found at `/Users/anlong/Documents/py3/.pyre_configuration.local`.
2018-05-17 15:23:57,053 DEBUG No configuration found at `.pyre_configuration.local`.
2018-05-17 15:23:57,053 DEBUG No configuration found at `.pyre_configuration`.
2018-05-17 15:23:57,053 INFO No source directory specified, using current directory
2018-05-17 15:23:57,054 INFO No binary specified, looking for `pyre.bin` in PATH
2018-05-17 15:23:57,054 INFO Found: `/Users/anlong/Library/Python/3.6/bin/pyre.bin`
2018-05-17 15:23:57,054 INFO No typeshed specified, looking for it
2018-05-17 15:23:57,054 DEBUG Trying with: `/Users/anlong/Library/Python/3.6/lib/python/site-packages/pyre_check/pyre_check/typeshed/stdlib/`
2018-05-17 15:23:57,054 DEBUG Trying with: `/Users/anlong/Library/Python/3.6/lib/python/site-packages/pyre_check/typeshed/stdlib/`
2018-05-17 15:23:57,055 DEBUG Trying with: `/Users/anlong/Library/Python/3.6/lib/python/pyre_check/typeshed/stdlib/`
2018-05-17 15:23:57,055 DEBUG Trying with: `/Users/anlong/Library/Python/3.6/lib/pyre_check/typeshed/stdlib/`
2018-05-17 15:23:57,055 INFO Found: `/Users/anlong/Library/Python/3.6/lib/pyre_check/typeshed/stdlib/`
2018-05-17 15:23:57,055 WARNING Setting up a .pyre_configuration file may reduce overhead.

2018-05-17 15:23:57,055 DEBUG Running `/Users/anlong/Library/Python/3.6/bin/pyre.bin check -project-root /Users/anlong/Documents/py3 -workers 1 -search-path /Users/anlong/Library/Python/3.6/lib/pyre_check/typeshed/stdlib/ .`
2018-05-17 15:23:57,081 INFO Finding type stubs in `/Users/anlong/Documents/py3`...
2018-05-17 15:23:57,087 INFO Finding type stubs in `/Users/anlong/Library/Python/3.6/lib/pyre_check/typeshed/stdlib`...
2018-05-17 15:23:57,091 INFO Finding external sources in `/Users/anlong/Library/Python/3.6/lib/pyre_check/typeshed/stdlib`...
2018-05-17 15:23:57,193 INFO Parsing 346 stubs and external sources...
2018-05-17 15:23:57,315 INFO Parsing 1 sources in `/Users/anlong/Documents/py3`...
2018-05-17 15:23:57,315 INFO Unable to parse 1 paths
2018-05-17 15:23:57,418 INFO Building type environment...
2018-05-17 15:23:57,564 INFO Adding environment information to shared memory...
2018-05-17 15:23:57,652 INFO Inferring protocol implementations...
2018-05-17 15:23:57,663 INFO Checking...
2018-05-17 15:23:57,664 SUCCESS No type errors found

2018-05-17 15:24:29,476 DEBUG No configuration found at `/Users/anlong/Documents/py3/.pyre_configuration.local`.
2018-05-17 15:24:29,476 DEBUG No configuration found at `.pyre_configuration.local`.
2018-05-17 15:24:29,476 DEBUG No configuration found at `.pyre_configuration`.
2018-05-17 15:24:29,477 INFO No source directory specified, using current directory
2018-05-17 15:24:29,477 INFO No binary specified, looking for `pyre.bin` in PATH
2018-05-17 15:24:29,477 INFO Found: `/Users/anlong/Library/Python/3.6/bin/pyre.bin`
2018-05-17 15:24:29,477 INFO No typeshed specified, looking for it
2018-05-17 15:24:29,478 DEBUG Trying with: `/Users/anlong/Library/Python/3.6/lib/python/site-packages/pyre_check/pyre_check/typeshed/stdlib/`
2018-05-17 15:24:29,478 DEBUG Trying with: `/Users/anlong/Library/Python/3.6/lib/python/site-packages/pyre_check/typeshed/stdlib/`
2018-05-17 15:24:29,478 DEBUG Trying with: `/Users/anlong/Library/Python/3.6/lib/python/pyre_check/typeshed/stdlib/`
2018-05-17 15:24:29,478 DEBUG Trying with: `/Users/anlong/Library/Python/3.6/lib/pyre_check/typeshed/stdlib/`
2018-05-17 15:24:29,478 INFO Found: `/Users/anlong/Library/Python/3.6/lib/pyre_check/typeshed/stdlib/`
2018-05-17 15:24:29,478 WARNING Setting up a .pyre_configuration file may reduce overhead.

2018-05-17 15:24:29,478 DEBUG Running `/Users/anlong/Library/Python/3.6/bin/pyre.bin check -project-root /Users/anlong/Documents/py3 -workers 1 -search-path /Users/anlong/Library/Python/3.6/lib/pyre_check/typeshed/stdlib/ .`
2018-05-17 15:24:29,505 INFO Finding type stubs in `/Users/anlong/Documents/py3`...
2018-05-17 15:24:29,509 INFO Finding type stubs in `/Users/anlong/Library/Python/3.6/lib/pyre_check/typeshed/stdlib`...
2018-05-17 15:24:29,513 INFO Finding external sources in `/Users/anlong/Library/Python/3.6/lib/pyre_check/typeshed/stdlib`...
2018-05-17 15:24:29,616 INFO Parsing 346 stubs and external sources...
2018-05-17 15:24:29,741 INFO Parsing 1 sources in `/Users/anlong/Documents/py3`...
2018-05-17 15:24:29,741 INFO Unable to parse 1 paths
2018-05-17 15:24:29,846 INFO Building type environment...
2018-05-17 15:24:29,984 INFO Adding environment information to shared memory...
2018-05-17 15:24:30,086 INFO Inferring protocol implementations...
2018-05-17 15:24:30,098 INFO Checking...
2018-05-17 15:24:30,099 SUCCESS No type errors found

2018-05-17 15:24:44,172 DEBUG No configuration found at `/Users/anlong/Documents/py3/.pyre_configuration.local`.
2018-05-17 15:24:44,172 DEBUG No configuration found at `.pyre_configuration.local`.
2018-05-17 15:24:44,172 DEBUG No configuration found at `.pyre_configuration`.
2018-05-17 15:24:44,172 INFO No source directory specified, using current directory
2018-05-17 15:24:44,172 INFO No binary specified, looking for `pyre.bin` in PATH
2018-05-17 15:24:44,173 INFO Found: `/Users/anlong/Library/Python/3.6/bin/pyre.bin`
2018-05-17 15:24:44,173 INFO No typeshed specified, looking for it
2018-05-17 15:24:44,173 DEBUG Trying with: `/Users/anlong/Library/Python/3.6/lib/python/site-packages/pyre_check/pyre_check/typeshed/stdlib/`
2018-05-17 15:24:44,173 DEBUG Trying with: `/Users/anlong/Library/Python/3.6/lib/python/site-packages/pyre_check/typeshed/stdlib/`
2018-05-17 15:24:44,173 DEBUG Trying with: `/Users/anlong/Library/Python/3.6/lib/python/pyre_check/typeshed/stdlib/`
2018-05-17 15:24:44,173 DEBUG Trying with: `/Users/anlong/Library/Python/3.6/lib/pyre_check/typeshed/stdlib/`
2018-05-17 15:24:44,173 INFO Found: `/Users/anlong/Library/Python/3.6/lib/pyre_check/typeshed/stdlib/`
2018-05-17 15:24:44,174 WARNING Setting up a .pyre_configuration file may reduce overhead.

2018-05-17 15:24:44,174 DEBUG Running `/Users/anlong/Library/Python/3.6/bin/pyre.bin check -project-root /Users/anlong/Documents/py3 -workers 1 -search-path /Users/anlong/Library/Python/3.6/lib/pyre_check/typeshed/stdlib/ .`
2018-05-17 15:24:44,201 INFO Finding type stubs in `/Users/anlong/Documents/py3`...
2018-05-17 15:24:44,205 INFO Finding type stubs in `/Users/anlong/Library/Python/3.6/lib/pyre_check/typeshed/stdlib`...
2018-05-17 15:24:44,209 INFO Finding external sources in `/Users/anlong/Library/Python/3.6/lib/pyre_check/typeshed/stdlib`...
2018-05-17 15:24:44,310 INFO Parsing 346 stubs and external sources...
2018-05-17 15:24:44,431 INFO Parsing 1 sources in `/Users/anlong/Documents/py3`...
2018-05-17 15:24:44,431 INFO Unable to parse 1 paths
2018-05-17 15:24:44,536 INFO Building type environment...
2018-05-17 15:24:44,679 INFO Adding environment information to shared memory...
2018-05-17 15:24:44,767 INFO Inferring protocol implementations...
2018-05-17 15:24:44,777 INFO Checking...
2018-05-17 15:24:44,777 SUCCESS No type errors found

2018-05-17 15:26:02,733 DEBUG No configuration found at `/Users/anlong/Documents/py3/.pyre_configuration.local`.
2018-05-17 15:26:02,733 DEBUG No configuration found at `.pyre_configuration.local`.
2018-05-17 15:26:02,733 DEBUG No configuration found at `.pyre_configuration`.
2018-05-17 15:26:02,733 INFO No source directory specified, using current directory
2018-05-17 15:26:02,733 INFO No binary specified, looking for `pyre.bin` in PATH
2018-05-17 15:26:02,734 INFO Found: `/Users/anlong/Library/Python/3.6/bin/pyre.bin`
2018-05-17 15:26:02,734 INFO No typeshed specified, looking for it
2018-05-17 15:26:02,734 DEBUG Trying with: `/Users/anlong/Library/Python/3.6/lib/python/site-packages/pyre_check/pyre_check/typeshed/stdlib/`
2018-05-17 15:26:02,734 DEBUG Trying with: `/Users/anlong/Library/Python/3.6/lib/python/site-packages/pyre_check/typeshed/stdlib/`
2018-05-17 15:26:02,734 DEBUG Trying with: `/Users/anlong/Library/Python/3.6/lib/python/pyre_check/typeshed/stdlib/`
2018-05-17 15:26:02,734 DEBUG Trying with: `/Users/anlong/Library/Python/3.6/lib/pyre_check/typeshed/stdlib/`
2018-05-17 15:26:02,734 INFO Found: `/Users/anlong/Library/Python/3.6/lib/pyre_check/typeshed/stdlib/`
2018-05-17 15:26:02,735 WARNING Setting up a .pyre_configuration file may reduce overhead.

2018-05-17 15:26:02,735 DEBUG Running `/Users/anlong/Library/Python/3.6/bin/pyre.bin check -project-root /Users/anlong/Documents/py3 -workers 1 -search-path /Users/anlong/Library/Python/3.6/lib/pyre_check/typeshed/stdlib/ .`
2018-05-17 15:26:02,761 INFO Finding type stubs in `/Users/anlong/Documents/py3`...
2018-05-17 15:26:02,766 INFO Finding type stubs in `/Users/anlong/Library/Python/3.6/lib/pyre_check/typeshed/stdlib`...
2018-05-17 15:26:02,770 INFO Finding external sources in `/Users/anlong/Library/Python/3.6/lib/pyre_check/typeshed/stdlib`...
2018-05-17 15:26:02,873 INFO Parsing 346 stubs and external sources...
2018-05-17 15:26:03,025 INFO Parsing 1 sources in `/Users/anlong/Documents/py3`...
2018-05-17 15:26:03,131 INFO Building type environment...
2018-05-17 15:26:03,272 INFO Adding environment information to shared memory...
2018-05-17 15:26:03,360 INFO Inferring protocol implementations...
2018-05-17 15:26:03,408 INFO Checking...
2018-05-17 15:26:03,420 INFO Processed 1 of 1 sources
2018-05-17 15:26:03,421 SUCCESS No type errors found

